

*******************************************************************************
Wed Mar  1 23:19:56 2017


FIT:    data read from "tiempos3.dat"
        format = z
        #datapoints = 300
        residuals are weighted equally (unit weight)

function used for fitting: f(x)
	f(x) = a*x*x + b*x + c
fitted parameters initialized with current variable values

iter      chisq       delta/lim  lambda   a             b             c            
   0 4.9009977195e+19   0.00e+00  2.33e+08    1.000000e+00   1.000000e+00   1.000000e+00
  12 6.6624642326e-03  -6.24e-09  2.33e-04    1.218343e-09   1.031747e-07   1.326299e-03

After 12 iterations the fit converged.
final sum of squares of residuals : 0.00666246
rel. change during last iteration : -6.23592e-14

degrees of freedom    (FIT_NDF)                        : 297
rms of residuals      (FIT_STDFIT) = sqrt(WSSR/ndf)    : 0.0047363
variance of residuals (reduced chisquare) = WSSR/ndf   : 2.24325e-05

Final set of parameters            Asymptotic Standard Error
=======================            ==========================
a               = 1.21834e-09      +/- 4.076e-12    (0.3346%)
b               = 1.03175e-07      +/- 1.267e-07    (122.8%)
c               = 0.0013263        +/- 0.0008259    (62.27%)

correlation matrix of the fit parameters:
                a      b      c      
a               1.000 
b              -0.968  1.000 
c               0.748 -0.868  1.000 


*******************************************************************************
Wed Mar  1 23:27:57 2017


FIT:    data read from "tiempos3.dat"
        format = z
        #datapoints = 302
        residuals are weighted equally (unit weight)

function used for fitting: f(x)
	f(x) = a*x*x + b*x + c
fitted parameters initialized with current variable values

iter      chisq       delta/lim  lambda   a             b             c            
   0 5.0662757899e+19   0.00e+00  2.36e+08    1.000000e+00   1.000000e+00   1.000000e+00
  12 4.9072907545e-03  -1.05e-08  2.36e-04    1.292006e-09   3.204766e-07   2.708574e-04

After 12 iterations the fit converged.
final sum of squares of residuals : 0.00490729
rel. change during last iteration : -1.04989e-13

degrees of freedom    (FIT_NDF)                        : 299
rms of residuals      (FIT_STDFIT) = sqrt(WSSR/ndf)    : 0.00405122
variance of residuals (reduced chisquare) = WSSR/ndf   : 1.64123e-05

Final set of parameters            Asymptotic Standard Error
=======================            ==========================
a               = 1.29201e-09      +/- 3.429e-12    (0.2654%)
b               = 3.20477e-07      +/- 1.073e-07    (33.48%)
c               = 0.000270857      +/- 0.000704     (259.9%)

correlation matrix of the fit parameters:
                a      b      c      
a               1.000 
b              -0.968  1.000 
c               0.748 -0.868  1.000 
